<?xml version="1.0" encoding="UTF-8"?>
<testng-results ignored="0" total="2" passed="2" failed="0" skipped="0">
  <reporter-output>
  </reporter-output>
  <suite started-at="2024-01-07T22:28:53Z" name="Suite" finished-at="2024-01-07T22:28:55Z" duration-ms="2253">
    <groups>
      <group name="cucumber">
        <method signature="AbstractTestNGCucumberTests.runScenario(io.cucumber.testng.PickleWrapper, io.cucumber.testng.FeatureWrapper)[pri:0, instance:com.runner.RunnerTestSuite@294e5088]" name="runScenario" class="io.cucumber.testng.AbstractTestNGCucumberTests"/>
      </group> <!-- cucumber -->
    </groups>
    <test started-at="2024-01-07T22:28:53Z" name="Test" finished-at="2024-01-07T22:28:55Z" duration-ms="2253">
      <class name="com.runner.RunnerTestSuite">
        <test-method is-config="true" signature="setup()[pri:0, instance:com.runner.RunnerTestSuite@294e5088]" started-at="2024-01-07T22:28:53Z" name="setup" finished-at="2024-01-07T22:28:53Z" duration-ms="12" status="PASS">
          <reporter-output>
          </reporter-output>
        </test-method> <!-- setup -->
        <test-method is-config="true" signature="setUpClass()[pri:0, instance:com.runner.RunnerTestSuite@294e5088]" started-at="2024-01-07T22:28:53Z" name="setUpClass" finished-at="2024-01-07T22:28:54Z" duration-ms="563" status="PASS">
          <reporter-output>
          </reporter-output>
        </test-method> <!-- setUpClass -->
        <test-method signature="runScenario(io.cucumber.testng.PickleWrapper, io.cucumber.testng.FeatureWrapper)[pri:0, instance:com.runner.RunnerTestSuite@294e5088]" started-at="2024-01-07T22:28:54Z" name="runScenario" description="Runs Cucumber Scenarios" data-provider="scenarios" finished-at="2024-01-07T22:28:54Z" duration-ms="181" status="PASS">
          <params>
            <param index="0">
              <value>
                <![CDATA["As a user, I want to login to Parabank website using valid credentials"]]>
              </value>
            </param>
            <param index="1">
              <value>
                <![CDATA["Optional[Parabank login testing]"]]>
              </value>
            </param>
          </params>
          <reporter-output>
          </reporter-output>
        </test-method> <!-- runScenario -->
        <test-method signature="runScenario(io.cucumber.testng.PickleWrapper, io.cucumber.testng.FeatureWrapper)[pri:0, instance:com.runner.RunnerTestSuite@294e5088]" started-at="2024-01-07T22:28:54Z" name="runScenario" description="Runs Cucumber Scenarios" data-provider="scenarios" finished-at="2024-01-07T22:28:54Z" duration-ms="17" status="PASS">
          <params>
            <param index="0">
              <value>
                <![CDATA["As a logged-in user, I want to logout successfully from Parabank website"]]>
              </value>
            </param>
            <param index="1">
              <value>
                <![CDATA["Optional[Parabank logout testing]"]]>
              </value>
            </param>
          </params>
          <reporter-output>
          </reporter-output>
        </test-method> <!-- runScenario -->
        <test-method is-config="true" signature="tearDownClass()[pri:0, instance:com.runner.RunnerTestSuite@294e5088]" started-at="2024-01-07T22:28:54Z" name="tearDownClass" finished-at="2024-01-07T22:28:55Z" duration-ms="1458" status="PASS">
          <reporter-output>
          </reporter-output>
        </test-method> <!-- tearDownClass -->
      </class> <!-- com.runner.RunnerTestSuite -->
    </test> <!-- Test -->
  </suite> <!-- Suite -->
</testng-results>
